<?xml version="1.0" encoding="UTF-8"?>
<testsuite name="is.ru.TicTacToe.TicTacToeTest" tests="3" skipped="0" failures="0" errors="0" timestamp="2016-10-25T17:45:45" hostname="Toshiba" time="0.0">
  <properties/>
  <testcase name="testBoard" classname="is.ru.TicTacToe.TicTacToeTest" time="0.0"/>
  <testcase name="testSlotFree" classname="is.ru.TicTacToe.TicTacToeTest" time="0.0"/>
  <testcase name="testValidNumber" classname="is.ru.TicTacToe.TicTacToeTest" time="0.0"/>
  <system-out><![CDATA[]]></system-out>
  <system-err><![CDATA[]]></system-err>
</testsuite>
